Watching for file changes with StatReloader
C:\Users\vishal.ns\PyProjects\travel_project\travel_req_system\requests\app_urls.py changed, reloading.
Watching for file changes with StatReloader
C:\Users\vishal.ns\PyProjects\travel_project\travel_req_system\requests\app_urls.py changed, reloading.
Watching for file changes with StatReloader
C:\Users\vishal.ns\PyProjects\travel_project\travel_req_system\requests\app_urls.py changed, reloading.
Watching for file changes with StatReloader
C:\Users\vishal.ns\PyProjects\travel_project\travel_req_system\requests\app_urls.py changed, reloading.
Watching for file changes with StatReloader
C:\Users\vishal.ns\PyProjects\travel_project\travel_req_system\requests\app_urls.py changed, reloading.
Watching for file changes with StatReloader
C:\Users\vishal.ns\PyProjects\travel_project\travel_req_system\requests\app_urls.py changed, reloading.
Watching for file changes with StatReloader
Watching for file changes with StatReloader
Forbidden (CSRF cookie not set.): /create_admin
C:\Users\vishal.ns\PyProjects\travel_project\travel_req_system\requests\views.py changed, reloading.
Watching for file changes with StatReloader
C:\Users\vishal.ns\PyProjects\travel_project\travel_req_system\requests\views.py changed, reloading.
Watching for file changes with StatReloader
C:\Users\vishal.ns\PyProjects\travel_project\travel_req_system\requests\views.py changed, reloading.
Watching for file changes with StatReloader
C:\Users\vishal.ns\PyProjects\travel_project\travel_req_system\requests\views.py changed, reloading.
Watching for file changes with StatReloader
Watching for file changes with StatReloader
C:\Users\vishal.ns\PyProjects\travel_project\travel_req_system\requests\views.py changed, reloading.
Watching for file changes with StatReloader
Watching for file changes with StatReloader
C:\Users\vishal.ns\PyProjects\travel_project\travel_req_system\requests\app_urls.py changed, reloading.
Watching for file changes with StatReloader
Watching for file changes with StatReloader
C:\Users\vishal.ns\PyProjects\travel_project\travel_req_system\requests\app_urls.py changed, reloading.
Watching for file changes with StatReloader
C:\Users\vishal.ns\PyProjects\travel_project\travel_req_system\travel_req_system\urls.py changed, reloading.
Watching for file changes with StatReloader
C:\Users\vishal.ns\PyProjects\travel_project\travel_req_system\requests\app_urls.py changed, reloading.
Watching for file changes with StatReloader
C:\Users\vishal.ns\PyProjects\travel_project\travel_req_system\requests\app_urls.py changed, reloading.
Watching for file changes with StatReloader
Watching for file changes with StatReloader
C:\Users\vishal.ns\PyProjects\travel_project\travel_req_system\employee\app_urls.py changed, reloading.
Watching for file changes with StatReloader
C:\Users\vishal.ns\PyProjects\travel_project\travel_req_system\requests\app_urls.py changed, reloading.
Watching for file changes with StatReloader
C:\Users\vishal.ns\PyProjects\travel_project\travel_req_system\requests\app_urls.py changed, reloading.
Watching for file changes with StatReloader
C:\Users\vishal.ns\PyProjects\travel_project\travel_req_system\requests\views.py changed, reloading.
Watching for file changes with StatReloader
C:\Users\vishal.ns\PyProjects\travel_project\travel_req_system\requests\views.py changed, reloading.
Watching for file changes with StatReloader
Unauthorized: /admin/manage_employees
C:\Users\vishal.ns\PyProjects\travel_project\travel_req_system\employee\app_urls.py changed, reloading.
Watching for file changes with StatReloader
C:\Users\vishal.ns\PyProjects\travel_project\travel_req_system\requests\views.py changed, reloading.
Watching for file changes with StatReloader
C:\Users\vishal.ns\PyProjects\travel_project\travel_req_system\requests\views.py changed, reloading.
Watching for file changes with StatReloader
C:\Users\vishal.ns\PyProjects\travel_project\travel_req_system\requests\views.py changed, reloading.
Watching for file changes with StatReloader
C:\Users\vishal.ns\PyProjects\travel_project\travel_req_system\employee\app_urls.py changed, reloading.
Watching for file changes with StatReloader
C:\Users\vishal.ns\PyProjects\travel_project\travel_req_system\employee\app_urls.py changed, reloading.
Watching for file changes with StatReloader
Bad Request: /admin/manage_managers
Bad Request: /admin/manage_managers
Bad Request: /admin/manage_managers
C:\Users\vishal.ns\PyProjects\travel_project\travel_req_system\requests\views.py changed, reloading.
Watching for file changes with StatReloader
Bad Request: /admin/manage_managers
Bad Request: /admin/manage_managers
C:\Users\vishal.ns\PyProjects\travel_project\travel_req_system\requests\views.py changed, reloading.
Watching for file changes with StatReloader
Bad Request: /admin/manage_managers
C:\Users\vishal.ns\PyProjects\travel_project\travel_req_system\requests\views.py changed, reloading.
Watching for file changes with StatReloader
C:\Users\vishal.ns\PyProjects\travel_project\travel_req_system\requests\views.py changed, reloading.
Watching for file changes with StatReloader
C:\Users\vishal.ns\PyProjects\travel_project\travel_req_system\requests\views.py changed, reloading.
Watching for file changes with StatReloader
An error occurred: JSON parse error - Expecting property name enclosed in double quotes: line 7 column 1 (char 133)
Internal Server Error: /admin/manage_managers
C:\Users\vishal.ns\PyProjects\travel_project\travel_req_system\requests\views.py changed, reloading.
Watching for file changes with StatReloader
C:\Users\vishal.ns\PyProjects\travel_project\travel_req_system\employee\app_urls.py changed, reloading.
Watching for file changes with StatReloader
C:\Users\vishal.ns\PyProjects\travel_project\travel_req_system\employee\views.py changed, reloading.
Watching for file changes with StatReloader
C:\Users\vishal.ns\PyProjects\travel_project\travel_req_system\employee\views.py changed, reloading.
Watching for file changes with StatReloader
C:\Users\vishal.ns\PyProjects\travel_project\travel_req_system\travel_req_system\urls.py changed, reloading.
Watching for file changes with StatReloader
Watching for file changes with StatReloader
Watching for file changes with StatReloader
Watching for file changes with StatReloader
C:\Users\vishal.ns\PyProjects\travel_project\travel_req_system\employee\app_urls.py changed, reloading.
Watching for file changes with StatReloader
C:\Users\vishal.ns\PyProjects\travel_project\travel_req_system\employee\app_urls.py changed, reloading.
Watching for file changes with StatReloader
C:\Users\vishal.ns\PyProjects\travel_project\travel_req_system\employee\app_urls.py changed, reloading.
Watching for file changes with StatReloader
C:\Users\vishal.ns\PyProjects\travel_project\travel_req_system\employee\app_urls.py changed, reloading.
Watching for file changes with StatReloader
C:\Users\vishal.ns\PyProjects\travel_project\travel_req_system\employee\app_urls.py changed, reloading.
Watching for file changes with StatReloader
Not Found: /
Not Found: /favicon.ico
Not Found: /employee/request/1
Not Found: /employee/list
C:\Users\vishal.ns\PyProjects\travel_project\travel_req_system\travel_req_system\urls.py changed, reloading.
Watching for file changes with StatReloader
Unauthorized: /employee/list
C:\Users\vishal.ns\PyProjects\travel_project\travel_req_system\travel_req_system\urls.py changed, reloading.
Watching for file changes with StatReloader
C:\Users\vishal.ns\PyProjects\travel_project\travel_req_system\travel_req_system\urls.py changed, reloading.
Watching for file changes with StatReloader
C:\Users\vishal.ns\PyProjects\travel_project\travel_req_system\employee\views.py changed, reloading.
Watching for file changes with StatReloader
Bad Request: /admin/login
Bad Request: /manager/login
Not Found: /admin/manage_employees
C:\Users\vishal.ns\PyProjects\travel_project\travel_req_system\admin\app_urls.py changed, reloading.
Watching for file changes with StatReloader
C:\Users\vishal.ns\PyProjects\travel_project\travel_req_system\admin\app_urls.py changed, reloading.
Watching for file changes with StatReloader
C:\Users\vishal.ns\PyProjects\travel_project\travel_req_system\admin\app_urls.py changed, reloading.
Watching for file changes with StatReloader
C:\Users\vishal.ns\PyProjects\travel_project\travel_req_system\admin\app_urls.py changed, reloading.
Watching for file changes with StatReloader
C:\Users\vishal.ns\PyProjects\travel_project\travel_req_system\admin\app_urls.py changed, reloading.
Watching for file changes with StatReloader
C:\Users\vishal.ns\PyProjects\travel_project\travel_req_system\admin\app_urls.py changed, reloading.
Watching for file changes with StatReloader
Unauthorized: /admin/manage_employees
Watching for file changes with StatReloader
Watching for file changes with StatReloader
C:\Users\vishal.ns\PyProjects\travel_project\travel_req_system\employee\views.py changed, reloading.
Watching for file changes with StatReloader
C:\Users\vishal.ns\PyProjects\travel_project\travel_req_system\employee\views.py changed, reloading.
Watching for file changes with StatReloader
C:\Users\vishal.ns\PyProjects\travel_project\travel_req_system\employee\views.py changed, reloading.
Watching for file changes with StatReloader
C:\Users\vishal.ns\PyProjects\travel_project\travel_req_system\employee\views.py changed, reloading.
Watching for file changes with StatReloader
C:\Users\vishal.ns\PyProjects\travel_project\travel_req_system\employee\views.py changed, reloading.
Watching for file changes with StatReloader
C:\Users\vishal.ns\PyProjects\travel_project\travel_req_system\employee\views.py changed, reloading.
Watching for file changes with StatReloader
C:\Users\vishal.ns\PyProjects\travel_project\travel_req_system\employee\views.py changed, reloading.
Watching for file changes with StatReloader
C:\Users\vishal.ns\PyProjects\travel_project\travel_req_system\employee\views.py changed, reloading.
Watching for file changes with StatReloader
C:\Users\vishal.ns\PyProjects\travel_project\travel_req_system\employee\views.py changed, reloading.
Watching for file changes with StatReloader
C:\Users\vishal.ns\PyProjects\travel_project\travel_req_system\employee\views.py changed, reloading.
Watching for file changes with StatReloader
C:\Users\vishal.ns\PyProjects\travel_project\travel_req_system\employee\views.py changed, reloading.
Watching for file changes with StatReloader
C:\Users\vishal.ns\PyProjects\travel_project\travel_req_system\employee\views.py changed, reloading.
Watching for file changes with StatReloader
C:\Users\vishal.ns\PyProjects\travel_project\travel_req_system\employee\views.py changed, reloading.
Watching for file changes with StatReloader
C:\Users\vishal.ns\PyProjects\travel_project\travel_req_system\employee\views.py changed, reloading.
Watching for file changes with StatReloader
C:\Users\vishal.ns\PyProjects\travel_project\travel_req_system\employee\views.py changed, reloading.
Watching for file changes with StatReloader
C:\Users\vishal.ns\PyProjects\travel_project\travel_req_system\employee\views.py changed, reloading.
Watching for file changes with StatReloader
C:\Users\vishal.ns\PyProjects\travel_project\travel_req_system\employee\views.py changed, reloading.
Watching for file changes with StatReloader
C:\Users\vishal.ns\PyProjects\travel_project\travel_req_system\employee\views.py changed, reloading.
Watching for file changes with StatReloader
C:\Users\vishal.ns\PyProjects\travel_project\travel_req_system\employee\views.py changed, reloading.
Watching for file changes with StatReloader
C:\Users\vishal.ns\PyProjects\travel_project\travel_req_system\employee\views.py changed, reloading.
Watching for file changes with StatReloader
C:\Users\vishal.ns\PyProjects\travel_project\travel_req_system\employee\views.py changed, reloading.
Watching for file changes with StatReloader
C:\Users\vishal.ns\PyProjects\travel_project\travel_req_system\employee\views.py changed, reloading.
Watching for file changes with StatReloader
C:\Users\vishal.ns\PyProjects\travel_project\travel_req_system\employee\views.py changed, reloading.
Watching for file changes with StatReloader
C:\Users\vishal.ns\PyProjects\travel_project\travel_req_system\employee\views.py changed, reloading.
Watching for file changes with StatReloader
C:\Users\vishal.ns\PyProjects\travel_project\travel_req_system\employee\views.py changed, reloading.
Watching for file changes with StatReloader
C:\Users\vishal.ns\PyProjects\travel_project\travel_req_system\employee\views.py changed, reloading.
Watching for file changes with StatReloader
C:\Users\vishal.ns\PyProjects\travel_project\travel_req_system\employee\views.py changed, reloading.
Watching for file changes with StatReloader
C:\Users\vishal.ns\PyProjects\travel_project\travel_req_system\employee\views.py changed, reloading.
Watching for file changes with StatReloader
C:\Users\vishal.ns\PyProjects\travel_project\travel_req_system\employee\views.py changed, reloading.
Watching for file changes with StatReloader
Watching for file changes with StatReloader
Not Found: /
Not Found: /favicon.ico
Not Found: /employee/newrequest
Internal Server Error: /employee/new_request
Traceback (most recent call last):
  File "C:\Users\vishal.ns\PyProjects\travel_project\travel\Lib\site-packages\django\core\handlers\exception.py", line 55, in inner
    response = get_response(request)
               ^^^^^^^^^^^^^^^^^^^^^
  File "C:\Users\vishal.ns\PyProjects\travel_project\travel\Lib\site-packages\django\core\handlers\base.py", line 220, in _get_response
    response = response.render()
               ^^^^^^^^^^^^^^^^^
  File "C:\Users\vishal.ns\PyProjects\travel_project\travel\Lib\site-packages\django\template\response.py", line 114, in render
    self.content = self.rendered_content
                   ^^^^^^^^^^^^^^^^^^^^^
  File "C:\Users\vishal.ns\PyProjects\travel_project\travel\Lib\site-packages\rest_framework\response.py", line 70, in rendered_content
    ret = renderer.render(self.data, accepted_media_type, context)
          ^^^^^^^^^^^^^^^^^^^^^^^^^^^^^^^^^^^^^^^^^^^^^^^^^^^^^^^^
  File "C:\Users\vishal.ns\PyProjects\travel_project\travel\Lib\site-packages\rest_framework\renderers.py", line 722, in render
    template = loader.get_template(self.template)
               ^^^^^^^^^^^^^^^^^^^^^^^^^^^^^^^^^^
  File "C:\Users\vishal.ns\PyProjects\travel_project\travel\Lib\site-packages\django\template\loader.py", line 19, in get_template
    raise TemplateDoesNotExist(template_name, chain=chain)
django.template.exceptions.TemplateDoesNotExist: rest_framework/api.html
C:\Users\vishal.ns\PyProjects\travel_project\travel_req_system\employee\views.py changed, reloading.
Watching for file changes with StatReloader
C:\Users\vishal.ns\PyProjects\travel_project\travel_req_system\employee\views.py changed, reloading.
Watching for file changes with StatReloader
User accessed list
User accessed list
User accessed list
User accessed list
User accessed list
User accessed list
User accessed list
User accessed list
User accessed list
User accessed list
User accessed list
User accessed list
User accessed list
User accessed list
User accessed list
User accessed list
User accessed list
User accessed list
User accessed list
User accessed list
User accessed list
User accessed list
User accessed list
User accessed list
User accessed list
User accessed list
User accessed list
User accessed list
User accessed list
User accessed list
User accessed list
User accessed list
User accessed list
User accessed list
User accessed list
User accessed list
User accessed list
User accessed list
User accessed list
User accessed list
User accessed list
User accessed list
User accessed list
User accessed list
User accessed list
User accessed list
User accessed list
User accessed list
User accessed list
User accessed list
User accessed list
User accessed list
User accessed list
User accessed list
User accessed list
User accessed list
User accessed list
User accessed list
User accessed list
User accessed list
User accessed list
User accessed list
User accessed list
User accessed list
User accessed list
User accessed list
User accessed list
User accessed list
User accessed list
User accessed list
User accessed list
User accessed list
User accessed list
User accessed list
User accessed list
User accessed list
User accessed list
User accessed list
User accessed list
User accessed list
User accessed list
User accessed list
User accessed list
User accessed list
User accessed list
User accessed list
User accessed list
User accessed list
User accessed list
User accessed list
User accessed list
User accessed list
User accessed list
User accessed list
User accessed list
User accessed list
User accessed list
User accessed list
User accessed list
User accessed list
User accessed list
User accessed list
User accessed list
User accessed list
User accessed list
User accessed list
User accessed list
User accessed list
User accessed list
User accessed list
User accessed list
User accessed list
User accessed list
User accessed list
User accessed list
User accessed list
User accessed list
User accessed list
User accessed list
User accessed list
User accessed list
User accessed list
User accessed list
User accessed list
User accessed list
User accessed list
User accessed list
User accessed list
User accessed list
User accessed list
User accessed list
User accessed list
User accessed list
User accessed list
User accessed list
User accessed list
User accessed list
User accessed list
User accessed list
User accessed list
User accessed list
User accessed list
User accessed list
User accessed list
User accessed list
User accessed list
User accessed list
User accessed list
User accessed list
User accessed list
User accessed list
User accessed list
User accessed list
User accessed list
User accessed list
User accessed list
User accessed list
User accessed list
User accessed list
User accessed list
User accessed list
User accessed list
User accessed list
User accessed list
User accessed list
User accessed list
User accessed list
User accessed list
User accessed list
User accessed list
User accessed list
User accessed list
C:\Users\vishal.ns\PyProjects\travel_project\travel_req_system\requests\serializer.py changed, reloading.
Watching for file changes with StatReloader
C:\Users\vishal.ns\PyProjects\travel_project\travel_req_system\requests\serializer.py changed, reloading.
Watching for file changes with StatReloader
C:\Users\vishal.ns\PyProjects\travel_project\travel_req_system\requests\serializer.py changed, reloading.
Watching for file changes with StatReloader
C:\Users\vishal.ns\PyProjects\travel_project\travel_req_system\requests\serializer.py changed, reloading.
Watching for file changes with StatReloader
C:\Users\vishal.ns\PyProjects\travel_project\travel_req_system\requests\serializer.py changed, reloading.
Watching for file changes with StatReloader
Watching for file changes with StatReloader
User accessed list
User accessed list
User accessed list
User accessed list
User accessed list
User accessed list
User accessed list
User accessed list
User accessed list
C:\Users\vishal.ns\PyProjects\travel_project\travel_req_system\requests\models.py changed, reloading.
Watching for file changes with StatReloader
C:\Users\vishal.ns\PyProjects\travel_project\travel_req_system\requests\models.py changed, reloading.
Watching for file changes with StatReloader
User accessed list
User accessed list
User accessed list
User accessed list
User accessed list
User accessed list
User accessed list
User accessed list
User accessed list
User accessed list
User accessed list
User accessed list
User accessed list
User accessed list
User accessed list
User accessed list
User accessed list
User accessed list
User accessed list
User accessed list
User accessed list
User accessed list
User accessed list
User accessed list
User accessed list
User accessed list
User accessed list
User accessed list
User accessed list
User accessed list
User accessed list
User accessed list
User accessed list
User accessed list
User accessed list
User accessed list
User accessed list
User accessed list
User accessed list
User accessed list
User accessed list
User accessed list
User accessed list
User accessed list
User accessed list
User accessed list
User accessed list
User accessed list
User accessed list
User accessed list
User accessed list
User accessed list
User accessed list
User accessed list
User accessed list
User accessed list
User accessed list
User accessed list
User accessed list
User accessed list
User accessed list
User accessed list
User accessed list
User accessed list
User accessed list
User accessed list
User accessed list
User accessed list
User accessed list
User accessed list
User accessed list
User accessed list
User accessed list
User accessed list
User accessed list
User accessed list
User accessed list
User accessed list
User accessed list
User accessed list
User accessed list
User accessed list
User accessed list
User accessed list
User accessed list
User accessed list
User accessed list
User accessed list
User accessed list
User accessed list
User accessed list
User accessed list
User accessed list
User accessed list
User accessed list
User accessed list
User accessed list
User accessed list
User accessed list
User accessed list
User accessed list
User accessed list
An error occurred: Cannot resolve keyword 'event_date' into field. Choices are: accomodation, accomodation_id, additional_note, admin_note, approval_date, closure_date, date_submitted, departure_date, emp_update_note, employee, employee_id, from_location, id, manager, manager_id, manager_note, purpose, reject_date, resubmission_bool, return_date, status, to_location, travel_mode
Internal Server Error: /employee/list
User accessed list
User accessed list
User accessed list
User accessed list
User accessed list
User accessed list
User accessed list
User accessed list
User accessed list
An error occurred: Cannot resolve keyword 'event_date' into field. Choices are: accomodation, accomodation_id, additional_note, admin_note, approval_date, closure_date, date_submitted, departure_date, emp_update_note, employee, employee_id, from_location, id, manager, manager_id, manager_note, purpose, reject_date, resubmission_bool, return_date, status, to_location, travel_mode
Internal Server Error: /employee/list
An error occurred: Cannot resolve keyword 'event_date' into field. Choices are: accomodation, accomodation_id, additional_note, admin_note, approval_date, closure_date, date_submitted, departure_date, emp_update_note, employee, employee_id, from_location, id, manager, manager_id, manager_note, purpose, reject_date, resubmission_bool, return_date, status, to_location, travel_mode
Internal Server Error: /employee/list
C:\Users\vishal.ns\PyProjects\travel_project\travel_req_system\employee\views.py changed, reloading.
Watching for file changes with StatReloader
User accessed list
User accessed list
User accessed list
User accessed list
User accessed list
User accessed list
User accessed list
User accessed list
User accessed list
User accessed list
User accessed list
User accessed list
User accessed list
User accessed list
User accessed list
User accessed list
User accessed list
User accessed list
User accessed list
User accessed list
User accessed list
User accessed list
User accessed list
User accessed list
User accessed list
User accessed list
User accessed list
User accessed list
User accessed list
User accessed list
User accessed list
User accessed list
User accessed list
User accessed list
User accessed list
User accessed list
User accessed list
User accessed list
User accessed list
User accessed list
User accessed list
User accessed list
User accessed list
User accessed list
User accessed list
User accessed list
User accessed list
User accessed list
User accessed list
User accessed list
User accessed list
User accessed list
User accessed list
User accessed list
User accessed list
User accessed list
User accessed list
User accessed list
User accessed list
User accessed list
User accessed list
C:\Users\vishal.ns\PyProjects\travel_project\travel_req_system\requests\serializer.py changed, reloading.
Watching for file changes with StatReloader
User accessed list
User accessed list
User accessed list
User accessed list
User accessed list
User accessed list
User accessed list
C:\Users\vishal.ns\PyProjects\travel_project\travel_req_system\employee\views.py changed, reloading.
Watching for file changes with StatReloader
User accessed list
Watching for file changes with StatReloader
Internal Server Error: /employee/login
Traceback (most recent call last):
  File "C:\Users\vishal.ns\PyProjects\travel_project\travel\Lib\site-packages\django\core\handlers\exception.py", line 55, in inner
    response = get_response(request)
               ^^^^^^^^^^^^^^^^^^^^^
  File "C:\Users\vishal.ns\PyProjects\travel_project\travel\Lib\site-packages\django\core\handlers\base.py", line 220, in _get_response
    response = response.render()
               ^^^^^^^^^^^^^^^^^
  File "C:\Users\vishal.ns\PyProjects\travel_project\travel\Lib\site-packages\django\template\response.py", line 114, in render
    self.content = self.rendered_content
                   ^^^^^^^^^^^^^^^^^^^^^
  File "C:\Users\vishal.ns\PyProjects\travel_project\travel\Lib\site-packages\rest_framework\response.py", line 70, in rendered_content
    ret = renderer.render(self.data, accepted_media_type, context)
          ^^^^^^^^^^^^^^^^^^^^^^^^^^^^^^^^^^^^^^^^^^^^^^^^^^^^^^^^
  File "C:\Users\vishal.ns\PyProjects\travel_project\travel\Lib\site-packages\rest_framework\renderers.py", line 722, in render
    template = loader.get_template(self.template)
               ^^^^^^^^^^^^^^^^^^^^^^^^^^^^^^^^^^
  File "C:\Users\vishal.ns\PyProjects\travel_project\travel\Lib\site-packages\django\template\loader.py", line 19, in get_template
    raise TemplateDoesNotExist(template_name, chain=chain)
django.template.exceptions.TemplateDoesNotExist: rest_framework/api.html
Not Found: /login/login
Bad Request: /employee/login
Bad Request: /employee/login
Bad Request: /employee/login
Bad Request: /employee/login
Bad Request: /employee/login
Bad Request: /employee/login
Bad Request: /employee/login
Bad Request: /employee/login
Bad Request: /employee/login
Not Found: /employee/login/
Bad Request: /employee/login
Unauthorized: /employee/login
C:\Users\vishal.ns\PyProjects\travel_project\travel_req_system\employee\views.py changed, reloading.
Watching for file changes with StatReloader
C:\Users\vishal.ns\PyProjects\travel_project\travel_req_system\employee\views.py changed, reloading.
Watching for file changes with StatReloader
Unauthorized: /employee/login
User accessed list
User accessed list
User accessed list
User accessed list
Bad Request: /employee/login
User accessed list
User accessed list
User accessed list
User accessed list
User accessed list
User accessed list
User accessed list
User accessed list
User accessed list
User accessed list
User accessed list
User accessed list
User accessed list
User accessed list
User accessed list
User accessed list
Bad Request: /employee/login
Unauthorized: /employee/login
Unauthorized: /employee/login
Bad Request: /employee/login
User accessed list
Unauthorized: /employee/login
Unauthorized: /employee/login
User accessed list
User accessed list
User accessed list
Unauthorized: /employee/login
User accessed list
User accessed list
User accessed list
User accessed list
User accessed list
User accessed list
User accessed list
User accessed list
User accessed list
User accessed list
User accessed list
User accessed list
User accessed list
User accessed list
User accessed list
User accessed list
User accessed list
User accessed list
User accessed list
User accessed list
User accessed list
User accessed list
User accessed list
User accessed list
Unauthorized: /employee/login
User accessed list
User accessed list
Not Found: /employee/request/undefined
User accessed list
Not Found: /employee/request/undefined
Not Found: /employee/request/undefined
Not Found: /employee/request/undefined
Not Found: /employee/request/undefined
User accessed list
Not Found: /employee/request/undefined
User accessed list
Not Found: /employee/request/undefined
User accessed list
Not Found: /employee/request/undefined
User accessed list
User accessed list
User accessed list
User accessed list
User accessed list
Not Found: /employee/request/undefined
User accessed list
User accessed list
User accessed list
User accessed list
Internal Server Error: /employee/request/3
Traceback (most recent call last):
  File "C:\Users\vishal.ns\PyProjects\travel_project\travel\Lib\site-packages\django\core\handlers\exception.py", line 55, in inner
    response = get_response(request)
               ^^^^^^^^^^^^^^^^^^^^^
  File "C:\Users\vishal.ns\PyProjects\travel_project\travel\Lib\site-packages\django\core\handlers\base.py", line 220, in _get_response
    response = response.render()
               ^^^^^^^^^^^^^^^^^
  File "C:\Users\vishal.ns\PyProjects\travel_project\travel\Lib\site-packages\django\template\response.py", line 114, in render
    self.content = self.rendered_content
                   ^^^^^^^^^^^^^^^^^^^^^
  File "C:\Users\vishal.ns\PyProjects\travel_project\travel\Lib\site-packages\rest_framework\response.py", line 70, in rendered_content
    ret = renderer.render(self.data, accepted_media_type, context)
          ^^^^^^^^^^^^^^^^^^^^^^^^^^^^^^^^^^^^^^^^^^^^^^^^^^^^^^^^
  File "C:\Users\vishal.ns\PyProjects\travel_project\travel\Lib\site-packages\rest_framework\renderers.py", line 722, in render
    template = loader.get_template(self.template)
               ^^^^^^^^^^^^^^^^^^^^^^^^^^^^^^^^^^
  File "C:\Users\vishal.ns\PyProjects\travel_project\travel\Lib\site-packages\django\template\loader.py", line 19, in get_template
    raise TemplateDoesNotExist(template_name, chain=chain)
django.template.exceptions.TemplateDoesNotExist: rest_framework/api.html
Internal Server Error: /employee/request/4
Traceback (most recent call last):
  File "C:\Users\vishal.ns\PyProjects\travel_project\travel\Lib\site-packages\django\core\handlers\exception.py", line 55, in inner
    response = get_response(request)
               ^^^^^^^^^^^^^^^^^^^^^
  File "C:\Users\vishal.ns\PyProjects\travel_project\travel\Lib\site-packages\django\core\handlers\base.py", line 220, in _get_response
    response = response.render()
               ^^^^^^^^^^^^^^^^^
  File "C:\Users\vishal.ns\PyProjects\travel_project\travel\Lib\site-packages\django\template\response.py", line 114, in render
    self.content = self.rendered_content
                   ^^^^^^^^^^^^^^^^^^^^^
  File "C:\Users\vishal.ns\PyProjects\travel_project\travel\Lib\site-packages\rest_framework\response.py", line 70, in rendered_content
    ret = renderer.render(self.data, accepted_media_type, context)
          ^^^^^^^^^^^^^^^^^^^^^^^^^^^^^^^^^^^^^^^^^^^^^^^^^^^^^^^^
  File "C:\Users\vishal.ns\PyProjects\travel_project\travel\Lib\site-packages\rest_framework\renderers.py", line 722, in render
    template = loader.get_template(self.template)
               ^^^^^^^^^^^^^^^^^^^^^^^^^^^^^^^^^^
  File "C:\Users\vishal.ns\PyProjects\travel_project\travel\Lib\site-packages\django\template\loader.py", line 19, in get_template
    raise TemplateDoesNotExist(template_name, chain=chain)
django.template.exceptions.TemplateDoesNotExist: rest_framework/api.html
Internal Server Error: /employee/request/2
Traceback (most recent call last):
  File "C:\Users\vishal.ns\PyProjects\travel_project\travel\Lib\site-packages\django\core\handlers\exception.py", line 55, in inner
    response = get_response(request)
               ^^^^^^^^^^^^^^^^^^^^^
  File "C:\Users\vishal.ns\PyProjects\travel_project\travel\Lib\site-packages\django\core\handlers\base.py", line 220, in _get_response
    response = response.render()
               ^^^^^^^^^^^^^^^^^
  File "C:\Users\vishal.ns\PyProjects\travel_project\travel\Lib\site-packages\django\template\response.py", line 114, in render
    self.content = self.rendered_content
                   ^^^^^^^^^^^^^^^^^^^^^
  File "C:\Users\vishal.ns\PyProjects\travel_project\travel\Lib\site-packages\rest_framework\response.py", line 70, in rendered_content
    ret = renderer.render(self.data, accepted_media_type, context)
          ^^^^^^^^^^^^^^^^^^^^^^^^^^^^^^^^^^^^^^^^^^^^^^^^^^^^^^^^
  File "C:\Users\vishal.ns\PyProjects\travel_project\travel\Lib\site-packages\rest_framework\renderers.py", line 722, in render
    template = loader.get_template(self.template)
               ^^^^^^^^^^^^^^^^^^^^^^^^^^^^^^^^^^
  File "C:\Users\vishal.ns\PyProjects\travel_project\travel\Lib\site-packages\django\template\loader.py", line 19, in get_template
    raise TemplateDoesNotExist(template_name, chain=chain)
django.template.exceptions.TemplateDoesNotExist: rest_framework/api.html
User accessed list
User accessed list
User accessed list
User accessed list
User accessed list
User accessed list
User accessed list
User accessed list
User accessed list
User accessed list
User accessed list
User accessed list
User accessed list
User accessed list
User accessed list
User accessed list
User accessed list
User accessed list
User accessed list
User accessed list
User accessed list
User accessed list
User accessed list
User accessed list
User accessed list
User accessed list
User accessed list
User accessed list
User accessed list
Internal Server Error: /employee/request/3
Traceback (most recent call last):
  File "C:\Users\vishal.ns\PyProjects\travel_project\travel\Lib\site-packages\django\core\handlers\exception.py", line 55, in inner
    response = get_response(request)
               ^^^^^^^^^^^^^^^^^^^^^
  File "C:\Users\vishal.ns\PyProjects\travel_project\travel\Lib\site-packages\django\core\handlers\base.py", line 220, in _get_response
    response = response.render()
               ^^^^^^^^^^^^^^^^^
  File "C:\Users\vishal.ns\PyProjects\travel_project\travel\Lib\site-packages\django\template\response.py", line 114, in render
    self.content = self.rendered_content
                   ^^^^^^^^^^^^^^^^^^^^^
  File "C:\Users\vishal.ns\PyProjects\travel_project\travel\Lib\site-packages\rest_framework\response.py", line 70, in rendered_content
    ret = renderer.render(self.data, accepted_media_type, context)
          ^^^^^^^^^^^^^^^^^^^^^^^^^^^^^^^^^^^^^^^^^^^^^^^^^^^^^^^^
  File "C:\Users\vishal.ns\PyProjects\travel_project\travel\Lib\site-packages\rest_framework\renderers.py", line 722, in render
    template = loader.get_template(self.template)
               ^^^^^^^^^^^^^^^^^^^^^^^^^^^^^^^^^^
  File "C:\Users\vishal.ns\PyProjects\travel_project\travel\Lib\site-packages\django\template\loader.py", line 19, in get_template
    raise TemplateDoesNotExist(template_name, chain=chain)
django.template.exceptions.TemplateDoesNotExist: rest_framework/api.html
User accessed list
User accessed list
Internal Server Error: /employee/request/3
Traceback (most recent call last):
  File "C:\Users\vishal.ns\PyProjects\travel_project\travel\Lib\site-packages\django\core\handlers\exception.py", line 55, in inner
    response = get_response(request)
               ^^^^^^^^^^^^^^^^^^^^^
  File "C:\Users\vishal.ns\PyProjects\travel_project\travel\Lib\site-packages\django\core\handlers\base.py", line 220, in _get_response
    response = response.render()
               ^^^^^^^^^^^^^^^^^
  File "C:\Users\vishal.ns\PyProjects\travel_project\travel\Lib\site-packages\django\template\response.py", line 114, in render
    self.content = self.rendered_content
                   ^^^^^^^^^^^^^^^^^^^^^
  File "C:\Users\vishal.ns\PyProjects\travel_project\travel\Lib\site-packages\rest_framework\response.py", line 70, in rendered_content
    ret = renderer.render(self.data, accepted_media_type, context)
          ^^^^^^^^^^^^^^^^^^^^^^^^^^^^^^^^^^^^^^^^^^^^^^^^^^^^^^^^
  File "C:\Users\vishal.ns\PyProjects\travel_project\travel\Lib\site-packages\rest_framework\renderers.py", line 722, in render
    template = loader.get_template(self.template)
               ^^^^^^^^^^^^^^^^^^^^^^^^^^^^^^^^^^
  File "C:\Users\vishal.ns\PyProjects\travel_project\travel\Lib\site-packages\django\template\loader.py", line 19, in get_template
    raise TemplateDoesNotExist(template_name, chain=chain)
django.template.exceptions.TemplateDoesNotExist: rest_framework/api.html
Internal Server Error: /employee/request/4
Traceback (most recent call last):
  File "C:\Users\vishal.ns\PyProjects\travel_project\travel\Lib\site-packages\django\core\handlers\exception.py", line 55, in inner
    response = get_response(request)
               ^^^^^^^^^^^^^^^^^^^^^
  File "C:\Users\vishal.ns\PyProjects\travel_project\travel\Lib\site-packages\django\core\handlers\base.py", line 220, in _get_response
    response = response.render()
               ^^^^^^^^^^^^^^^^^
  File "C:\Users\vishal.ns\PyProjects\travel_project\travel\Lib\site-packages\django\template\response.py", line 114, in render
    self.content = self.rendered_content
                   ^^^^^^^^^^^^^^^^^^^^^
  File "C:\Users\vishal.ns\PyProjects\travel_project\travel\Lib\site-packages\rest_framework\response.py", line 70, in rendered_content
    ret = renderer.render(self.data, accepted_media_type, context)
          ^^^^^^^^^^^^^^^^^^^^^^^^^^^^^^^^^^^^^^^^^^^^^^^^^^^^^^^^
  File "C:\Users\vishal.ns\PyProjects\travel_project\travel\Lib\site-packages\rest_framework\renderers.py", line 722, in render
    template = loader.get_template(self.template)
               ^^^^^^^^^^^^^^^^^^^^^^^^^^^^^^^^^^
  File "C:\Users\vishal.ns\PyProjects\travel_project\travel\Lib\site-packages\django\template\loader.py", line 19, in get_template
    raise TemplateDoesNotExist(template_name, chain=chain)
django.template.exceptions.TemplateDoesNotExist: rest_framework/api.html
Internal Server Error: /employee/request/2
Traceback (most recent call last):
  File "C:\Users\vishal.ns\PyProjects\travel_project\travel\Lib\site-packages\django\core\handlers\exception.py", line 55, in inner
    response = get_response(request)
               ^^^^^^^^^^^^^^^^^^^^^
  File "C:\Users\vishal.ns\PyProjects\travel_project\travel\Lib\site-packages\django\core\handlers\base.py", line 220, in _get_response
    response = response.render()
               ^^^^^^^^^^^^^^^^^
  File "C:\Users\vishal.ns\PyProjects\travel_project\travel\Lib\site-packages\django\template\response.py", line 114, in render
    self.content = self.rendered_content
                   ^^^^^^^^^^^^^^^^^^^^^
  File "C:\Users\vishal.ns\PyProjects\travel_project\travel\Lib\site-packages\rest_framework\response.py", line 70, in rendered_content
    ret = renderer.render(self.data, accepted_media_type, context)
          ^^^^^^^^^^^^^^^^^^^^^^^^^^^^^^^^^^^^^^^^^^^^^^^^^^^^^^^^
  File "C:\Users\vishal.ns\PyProjects\travel_project\travel\Lib\site-packages\rest_framework\renderers.py", line 722, in render
    template = loader.get_template(self.template)
               ^^^^^^^^^^^^^^^^^^^^^^^^^^^^^^^^^^
  File "C:\Users\vishal.ns\PyProjects\travel_project\travel\Lib\site-packages\django\template\loader.py", line 19, in get_template
    raise TemplateDoesNotExist(template_name, chain=chain)
django.template.exceptions.TemplateDoesNotExist: rest_framework/api.html
User accessed list
User accessed list
User accessed list
User accessed list
User accessed list
User accessed list
User accessed list
User accessed list
User accessed list
User accessed list
User accessed list
User accessed list
User accessed list
User accessed list
User accessed list
User accessed list
User accessed list
User accessed list
User accessed list
User accessed list
User accessed list
User accessed list
User accessed list
User accessed list
C:\Users\vishal.ns\PyProjects\travel_project\travel_req_system\employee\views.py changed, reloading.
Watching for file changes with StatReloader
C:\Users\vishal.ns\PyProjects\travel_project\travel_req_system\employee\views.py changed, reloading.
Watching for file changes with StatReloader
C:\Users\vishal.ns\PyProjects\travel_project\travel_req_system\employee\views.py changed, reloading.
Watching for file changes with StatReloader
User accessed list
User accessed list
User accessed list
User accessed list
User accessed list
User accessed list
User accessed list
User accessed list
User accessed list
User accessed list
User accessed list
User accessed list
User accessed list
User accessed list
User accessed list
User accessed list
User accessed list
User accessed list
User accessed list
User accessed list
User accessed list
User accessed list
User accessed list
User accessed list
User accessed list
Not Found: /employee/request/3/
Internal Server Error: /employee/request/3/edit
Internal Server Error: /employee/request/3/edit
Not Found: /employee/request/3/
Method Not Allowed: /employee/request/3
Method Not Allowed: /employee/request/3
User accessed list
User accessed list
User accessed list
Bad Request: /employee/request/3/edit
User accessed list
User accessed list
User accessed list
User accessed list
User accessed list
User accessed list
User accessed list
User accessed list
User accessed list
User accessed list
User accessed list
User accessed list
User accessed list
User accessed list
User accessed list
User accessed list
User accessed list
User accessed list
User accessed list
User accessed list
User accessed list
User accessed list
User accessed list
User accessed list
User accessed list
User accessed list
User accessed list
C:\Users\vishal.ns\PyProjects\travel_project\travel_req_system\manager\views.py changed, reloading.
Watching for file changes with StatReloader
C:\Users\vishal.ns\PyProjects\travel_project\travel_req_system\manager\views.py changed, reloading.
Watching for file changes with StatReloader
C:\Users\vishal.ns\PyProjects\travel_project\travel_req_system\admin\views.py changed, reloading.
Watching for file changes with StatReloader
C:\Users\vishal.ns\PyProjects\travel_project\travel_req_system\admin\views.py changed, reloading.
Watching for file changes with StatReloader
C:\Users\vishal.ns\PyProjects\travel_project\travel_req_system\admin\views.py changed, reloading.
Watching for file changes with StatReloader
User accessed list
User accessed list
User accessed list
User accessed list
User accessed list
User accessed list
User accessed list
User accessed list
User accessed list
User accessed list
User accessed list
User accessed list
User accessed list
User accessed list
User accessed list
User accessed list
User accessed list
User accessed list
User accessed list
User accessed list
User accessed list
User accessed list
User accessed list
User accessed list
User accessed list
User accessed list
User accessed list
User accessed list
User accessed list
User accessed list
User accessed list
C:\Users\vishal.ns\PyProjects\travel_project\travel_req_system\requests\serializer.py changed, reloading.
Watching for file changes with StatReloader
C:\Users\vishal.ns\PyProjects\travel_project\travel_req_system\requests\serializer.py changed, reloading.
Watching for file changes with StatReloader
C:\Users\vishal.ns\PyProjects\travel_project\travel_req_system\requests\serializer.py changed, reloading.
Watching for file changes with StatReloader
User accessed list
User accessed list
User accessed list
User accessed list
User accessed list
User accessed list
User accessed list
User accessed list
User accessed list
User accessed list
User accessed list
User accessed list
User accessed list
User accessed list
User accessed list
User accessed list
User accessed list
Watching for file changes with StatReloader
Watching for file changes with StatReloader
User accessed list
User accessed list
User accessed list
User accessed list
User accessed list
User accessed list
User accessed list
User accessed list
User accessed list
User accessed list
User accessed list
User accessed list
User accessed list
User accessed list
User accessed list
User accessed list
User accessed list
User accessed list
User accessed list
User accessed list
User accessed list
User accessed list
Unauthorized: /employee/new_request
User accessed list
Unauthorized: /employee/new_request
Unauthorized: /employee/new_request
Unauthorized: /employee/new_request
Unauthorized: /employee/new_request
C:\Users\vishal.ns\PyProjects\travel_project\travel_req_system\travel_req_system\settings.py changed, reloading.
Watching for file changes with StatReloader
C:\Users\vishal.ns\PyProjects\travel_project\travel_req_system\travel_req_system\settings.py changed, reloading.
Watching for file changes with StatReloader
Watching for file changes with StatReloader
C:\Users\vishal.ns\PyProjects\travel_project\travel_req_system\travel_req_system\settings.py changed, reloading.
Watching for file changes with StatReloader
Bad Request: /employee/new_request
Bad Request: /employee/new_request
Bad Request: /employee/new_request
Bad Request: /employee/new_request
Bad Request: /employee/new_request
Bad Request: /employee/new_request
Bad Request: /employee/new_request
Bad Request: /employee/new_request
Bad Request: /employee/new_request
Bad Request: /employee/new_request
Bad Request: /employee/new_request
User accessed list
User accessed list
Bad Request: /employee/new_request
C:\Users\vishal.ns\PyProjects\travel_project\travel_req_system\employee\views.py changed, reloading.
Watching for file changes with StatReloader
C:\Users\vishal.ns\PyProjects\travel_project\travel_req_system\employee\views.py changed, reloading.
Watching for file changes with StatReloader
C:\Users\vishal.ns\PyProjects\travel_project\travel_req_system\employee\views.py changed, reloading.
Watching for file changes with StatReloader
C:\Users\vishal.ns\PyProjects\travel_project\travel_req_system\employee\views.py changed, reloading.
Watching for file changes with StatReloader
C:\Users\vishal.ns\PyProjects\travel_project\travel_req_system\employee\views.py changed, reloading.
Watching for file changes with StatReloader
C:\Users\vishal.ns\PyProjects\travel_project\travel_req_system\employee\views.py changed, reloading.
Watching for file changes with StatReloader
C:\Users\vishal.ns\PyProjects\travel_project\travel_req_system\employee\views.py changed, reloading.
Watching for file changes with StatReloader
C:\Users\vishal.ns\PyProjects\travel_project\travel_req_system\employee\views.py changed, reloading.
Watching for file changes with StatReloader
C:\Users\vishal.ns\PyProjects\travel_project\travel_req_system\employee\views.py changed, reloading.
Watching for file changes with StatReloader
C:\Users\vishal.ns\PyProjects\travel_project\travel_req_system\employee\views.py changed, reloading.
Watching for file changes with StatReloader
C:\Users\vishal.ns\PyProjects\travel_project\travel_req_system\employee\views.py changed, reloading.
Watching for file changes with StatReloader
C:\Users\vishal.ns\PyProjects\travel_project\travel_req_system\employee\views.py changed, reloading.
Watching for file changes with StatReloader
C:\Users\vishal.ns\PyProjects\travel_project\travel_req_system\employee\views.py changed, reloading.
Watching for file changes with StatReloader
C:\Users\vishal.ns\PyProjects\travel_project\travel_req_system\employee\views.py changed, reloading.
Watching for file changes with StatReloader
C:\Users\vishal.ns\PyProjects\travel_project\travel_req_system\employee\views.py changed, reloading.
Watching for file changes with StatReloader
C:\Users\vishal.ns\PyProjects\travel_project\travel_req_system\employee\views.py changed, reloading.
Watching for file changes with StatReloader
C:\Users\vishal.ns\PyProjects\travel_project\travel_req_system\employee\views.py changed, reloading.
Watching for file changes with StatReloader
C:\Users\vishal.ns\PyProjects\travel_project\travel_req_system\employee\views.py changed, reloading.
Watching for file changes with StatReloader
C:\Users\vishal.ns\PyProjects\travel_project\travel_req_system\employee\views.py changed, reloading.
Watching for file changes with StatReloader
C:\Users\vishal.ns\PyProjects\travel_project\travel_req_system\employee\views.py changed, reloading.
Watching for file changes with StatReloader
C:\Users\vishal.ns\PyProjects\travel_project\travel_req_system\employee\views.py changed, reloading.
Watching for file changes with StatReloader
C:\Users\vishal.ns\PyProjects\travel_project\travel_req_system\employee\views.py changed, reloading.
Watching for file changes with StatReloader
C:\Users\vishal.ns\PyProjects\travel_project\travel_req_system\employee\views.py changed, reloading.
Watching for file changes with StatReloader
C:\Users\vishal.ns\PyProjects\travel_project\travel_req_system\employee\views.py changed, reloading.
Watching for file changes with StatReloader
C:\Users\vishal.ns\PyProjects\travel_project\travel_req_system\employee\views.py changed, reloading.
Watching for file changes with StatReloader
C:\Users\vishal.ns\PyProjects\travel_project\travel_req_system\employee\views.py changed, reloading.
Watching for file changes with StatReloader
C:\Users\vishal.ns\PyProjects\travel_project\travel_req_system\employee\views.py changed, reloading.
Watching for file changes with StatReloader
C:\Users\vishal.ns\PyProjects\travel_project\travel_req_system\employee\views.py changed, reloading.
Watching for file changes with StatReloader
C:\Users\vishal.ns\PyProjects\travel_project\travel_req_system\employee\views.py changed, reloading.
Watching for file changes with StatReloader
C:\Users\vishal.ns\PyProjects\travel_project\travel_req_system\employee\views.py changed, reloading.
Watching for file changes with StatReloader
C:\Users\vishal.ns\PyProjects\travel_project\travel_req_system\employee\views.py changed, reloading.
Watching for file changes with StatReloader
C:\Users\vishal.ns\PyProjects\travel_project\travel_req_system\employee\views.py changed, reloading.
Watching for file changes with StatReloader
C:\Users\vishal.ns\PyProjects\travel_project\travel_req_system\employee\views.py changed, reloading.
Watching for file changes with StatReloader
C:\Users\vishal.ns\PyProjects\travel_project\travel_req_system\employee\views.py changed, reloading.
Watching for file changes with StatReloader
C:\Users\vishal.ns\PyProjects\travel_project\travel_req_system\employee\views.py changed, reloading.
Watching for file changes with StatReloader
C:\Users\vishal.ns\PyProjects\travel_project\travel_req_system\employee\views.py changed, reloading.
Watching for file changes with StatReloader
C:\Users\vishal.ns\PyProjects\travel_project\travel_req_system\employee\views.py changed, reloading.
Watching for file changes with StatReloader
Bad Request: /employee/new_request
C:\Users\vishal.ns\PyProjects\travel_project\travel_req_system\employee\views.py changed, reloading.
Watching for file changes with StatReloader
Bad Request: /employee/new_request
C:\Users\vishal.ns\PyProjects\travel_project\travel_req_system\employee\views.py changed, reloading.
Watching for file changes with StatReloader
Bad Request: /employee/new_request
Bad Request: /employee/new_request
C:\Users\vishal.ns\PyProjects\travel_project\travel_req_system\employee\views.py changed, reloading.
Watching for file changes with StatReloader
C:\Users\vishal.ns\PyProjects\travel_project\travel_req_system\employee\views.py changed, reloading.
Watching for file changes with StatReloader
C:\Users\vishal.ns\PyProjects\travel_project\travel_req_system\employee\views.py changed, reloading.
Watching for file changes with StatReloader
C:\Users\vishal.ns\PyProjects\travel_project\travel_req_system\employee\views.py changed, reloading.
Watching for file changes with StatReloader
Bad Request: /employee/new_request
C:\Users\vishal.ns\PyProjects\travel_project\travel_req_system\requests\serializer.py changed, reloading.
Watching for file changes with StatReloader
C:\Users\vishal.ns\PyProjects\travel_project\travel_req_system\requests\serializer.py changed, reloading.
Watching for file changes with StatReloader
C:\Users\vishal.ns\PyProjects\travel_project\travel_req_system\requests\serializer.py changed, reloading.
Watching for file changes with StatReloader
C:\Users\vishal.ns\PyProjects\travel_project\travel_req_system\requests\serializer.py changed, reloading.
Watching for file changes with StatReloader
C:\Users\vishal.ns\PyProjects\travel_project\travel_req_system\requests\serializer.py changed, reloading.
Watching for file changes with StatReloader
C:\Users\vishal.ns\PyProjects\travel_project\travel_req_system\requests\serializer.py changed, reloading.
Watching for file changes with StatReloader
C:\Users\vishal.ns\PyProjects\travel_project\travel_req_system\employee\views.py changed, reloading.
Watching for file changes with StatReloader
User accessed list
User accessed list
User accessed list
User accessed list
User accessed list
User accessed list
User accessed list
User accessed list
User accessed list
User accessed list
User accessed list
User accessed list
User accessed list
Bad Request: /manager/login
Bad Request: /manager/login
Bad Request: /manager/login
Forbidden: /employee/list
Forbidden: /employee/list
Forbidden: /employee/list
Forbidden: /employee/list
Forbidden: /employee/list
Forbidden: /employee/list
Forbidden: /employee/list
Forbidden: /employee/list
Forbidden: /employee/list
Forbidden: /employee/list
Forbidden: /employee/list
Forbidden: /employee/list
Forbidden: /employee/list
Forbidden: /employee/list
Forbidden: /employee/list
Forbidden: /employee/list
Forbidden: /employee/list
Forbidden: /employee/list
Forbidden: /employee/list
Forbidden: /employee/list
Forbidden: /employee/list
Forbidden: /employee/list
Forbidden: /employee/list
Forbidden: /employee/list
Forbidden: /employee/list
Forbidden: /employee/list
Forbidden: /employee/list
Forbidden: /employee/list
Forbidden: /employee/list
Forbidden: /employee/list
Forbidden: /employee/list
Forbidden: /employee/list
Forbidden: /employee/list
Forbidden: /employee/list
Forbidden: /employee/list
Forbidden: /employee/list
Forbidden: /employee/list
Forbidden: /employee/list
Forbidden: /employee/list
Forbidden: /employee/list
Forbidden: /employee/list
Forbidden: /employee/list
Forbidden: /employee/list
Forbidden: /employee/list
Forbidden: /employee/list
Forbidden: /employee/list
Forbidden: /employee/list
Forbidden: /employee/list
Forbidden: /employee/list
Forbidden: /employee/list
Forbidden: /employee/list
Forbidden: /employee/list
Forbidden: /employee/list
User accessed list
User accessed list
User accessed list
User accessed list
User accessed list
User accessed list
User accessed list
Forbidden: /employee/request/2
User accessed list
User accessed list
User accessed list
User accessed list
User accessed list
User accessed list
User accessed list
User accessed list
User accessed list
User accessed list
User accessed list
User accessed list
User accessed list
User accessed list
User accessed list
User accessed list
User accessed list
User accessed list
User accessed list
User accessed list
User accessed list
User accessed list
User accessed list
User accessed list
User accessed list
User accessed list
User accessed list
User accessed list
User accessed list
User accessed list
User accessed list
User accessed list
User accessed list
User accessed list
User accessed list
An error occurred: Cannot resolve keyword 'event_date' into field. Choices are: accomodation, accomodation_id, additional_note, admin_note, approval_date, closure_date, date_submitted, departure_date, emp_update_note, employee, employee_id, from_location, id, manager, manager_id, manager_note, purpose, reject_date, resubmission_bool, return_date, status, to_location, travel_mode
Internal Server Error: /manager/list
C:\Users\vishal.ns\PyProjects\travel_project\travel_req_system\manager\views.py changed, reloading.
Watching for file changes with StatReloader
User accessed list
User accessed list
User accessed list
User accessed list
User accessed list
User accessed list
User accessed list
User accessed list
User accessed list
C:\Users\vishal.ns\PyProjects\travel_project\travel_req_system\manager\views.py changed, reloading.
Watching for file changes with StatReloader
C:\Users\vishal.ns\PyProjects\travel_project\travel_req_system\manager\views.py changed, reloading.
Watching for file changes with StatReloader
C:\Users\vishal.ns\PyProjects\travel_project\travel_req_system\manager\views.py changed, reloading.
Watching for file changes with StatReloader
An error occurred: name 'to' is not defined
Internal Server Error: /manager/list
User accessed list
An error occurred: name 'to' is not defined
Internal Server Error: /manager/list
An error occurred: name 'to' is not defined
Internal Server Error: /manager/list
An error occurred: name 'to' is not defined
Internal Server Error: /manager/list
User accessed list
An error occurred: name 'to' is not defined
Internal Server Error: /manager/list
Forbidden: /employee/new_request
User accessed list
Unauthorized: /employee/login
Unauthorized: /employee/login
User accessed list
User accessed list
User accessed list
User accessed list
User accessed list
User accessed list
User accessed list
User accessed list
User accessed list
User accessed list
User accessed list
Unauthorized: /manager/login
User accessed list
Forbidden: /employee/request/2
An error occurred: name 'to' is not defined
Internal Server Error: /manager/list
User accessed list
User accessed list
User accessed list
User accessed list
User accessed list
User accessed list
User accessed list
User accessed list
User accessed list
User accessed list
User accessed list
User accessed list
User accessed list
User accessed list
User accessed list
User accessed list
User accessed list
User accessed list
User accessed list
User accessed list
User accessed list
User accessed list
User accessed list
User accessed list
User accessed list
User accessed list
User accessed list
User accessed list
User accessed list
User accessed list
User accessed list
User accessed list
User accessed list
User accessed list
User accessed list
User accessed list
User accessed list
User accessed list
User accessed list
User accessed list
User accessed list
User accessed list
User accessed list
User accessed list
User accessed list
User accessed list
User accessed list
An error occurred: name 'to' is not defined
Internal Server Error: /manager/list
An error occurred: name 'to' is not defined
Internal Server Error: /manager/list
Traceback (most recent call last):
  File "C:\Users\vishal.ns\PyProjects\travel_project\travel\Lib\site-packages\django\core\handlers\exception.py", line 55, in inner
    response = get_response(request)
               ^^^^^^^^^^^^^^^^^^^^^
  File "C:\Users\vishal.ns\PyProjects\travel_project\travel\Lib\site-packages\django\core\handlers\base.py", line 220, in _get_response
    response = response.render()
               ^^^^^^^^^^^^^^^^^
  File "C:\Users\vishal.ns\PyProjects\travel_project\travel\Lib\site-packages\django\template\response.py", line 114, in render
    self.content = self.rendered_content
                   ^^^^^^^^^^^^^^^^^^^^^
  File "C:\Users\vishal.ns\PyProjects\travel_project\travel\Lib\site-packages\rest_framework\response.py", line 70, in rendered_content
    ret = renderer.render(self.data, accepted_media_type, context)
          ^^^^^^^^^^^^^^^^^^^^^^^^^^^^^^^^^^^^^^^^^^^^^^^^^^^^^^^^
  File "C:\Users\vishal.ns\PyProjects\travel_project\travel\Lib\site-packages\rest_framework\renderers.py", line 722, in render
    template = loader.get_template(self.template)
               ^^^^^^^^^^^^^^^^^^^^^^^^^^^^^^^^^^
  File "C:\Users\vishal.ns\PyProjects\travel_project\travel\Lib\site-packages\django\template\loader.py", line 19, in get_template
    raise TemplateDoesNotExist(template_name, chain=chain)
django.template.exceptions.TemplateDoesNotExist: rest_framework/api.html
Not Found: /favicon.ico
An error occurred: name 'to' is not defined
Internal Server Error: /manager/list
User accessed list
An error occurred: name 'to' is not defined
Internal Server Error: /manager/list
An error occurred: name 'to' is not defined
Internal Server Error: /manager/list
Unauthorized: /employee/list
An error occurred: name 'to' is not defined
Internal Server Error: /manager/list
C:\Users\vishal.ns\PyProjects\travel_project\travel_req_system\manager\views.py changed, reloading.
Watching for file changes with StatReloader
C:\Users\vishal.ns\PyProjects\travel_project\travel_req_system\manager\views.py changed, reloading.
Watching for file changes with StatReloader
C:\Users\vishal.ns\PyProjects\travel_project\travel_req_system\manager\views.py changed, reloading.
Watching for file changes with StatReloader
C:\Users\vishal.ns\PyProjects\travel_project\travel_req_system\manager\views.py changed, reloading.
Watching for file changes with StatReloader
User accessed list
User accessed list
User accessed list
Internal Server Error: /manager/list
Traceback (most recent call last):
  File "C:\Users\vishal.ns\PyProjects\travel_project\travel\Lib\site-packages\django\core\handlers\exception.py", line 55, in inner
    response = get_response(request)
               ^^^^^^^^^^^^^^^^^^^^^
  File "C:\Users\vishal.ns\PyProjects\travel_project\travel\Lib\site-packages\django\core\handlers\base.py", line 220, in _get_response
    response = response.render()
               ^^^^^^^^^^^^^^^^^
  File "C:\Users\vishal.ns\PyProjects\travel_project\travel\Lib\site-packages\django\template\response.py", line 114, in render
    self.content = self.rendered_content
                   ^^^^^^^^^^^^^^^^^^^^^
  File "C:\Users\vishal.ns\PyProjects\travel_project\travel\Lib\site-packages\rest_framework\response.py", line 70, in rendered_content
    ret = renderer.render(self.data, accepted_media_type, context)
          ^^^^^^^^^^^^^^^^^^^^^^^^^^^^^^^^^^^^^^^^^^^^^^^^^^^^^^^^
  File "C:\Users\vishal.ns\PyProjects\travel_project\travel\Lib\site-packages\rest_framework\renderers.py", line 722, in render
    template = loader.get_template(self.template)
               ^^^^^^^^^^^^^^^^^^^^^^^^^^^^^^^^^^
  File "C:\Users\vishal.ns\PyProjects\travel_project\travel\Lib\site-packages\django\template\loader.py", line 19, in get_template
    raise TemplateDoesNotExist(template_name, chain=chain)
django.template.exceptions.TemplateDoesNotExist: rest_framework/api.html
User accessed list
Internal Server Error: /manager/list
Traceback (most recent call last):
  File "C:\Users\vishal.ns\PyProjects\travel_project\travel\Lib\site-packages\django\core\handlers\exception.py", line 55, in inner
    response = get_response(request)
               ^^^^^^^^^^^^^^^^^^^^^
  File "C:\Users\vishal.ns\PyProjects\travel_project\travel\Lib\site-packages\django\core\handlers\base.py", line 220, in _get_response
    response = response.render()
               ^^^^^^^^^^^^^^^^^
  File "C:\Users\vishal.ns\PyProjects\travel_project\travel\Lib\site-packages\django\template\response.py", line 114, in render
    self.content = self.rendered_content
                   ^^^^^^^^^^^^^^^^^^^^^
  File "C:\Users\vishal.ns\PyProjects\travel_project\travel\Lib\site-packages\rest_framework\response.py", line 70, in rendered_content
    ret = renderer.render(self.data, accepted_media_type, context)
          ^^^^^^^^^^^^^^^^^^^^^^^^^^^^^^^^^^^^^^^^^^^^^^^^^^^^^^^^
  File "C:\Users\vishal.ns\PyProjects\travel_project\travel\Lib\site-packages\rest_framework\renderers.py", line 722, in render
    template = loader.get_template(self.template)
               ^^^^^^^^^^^^^^^^^^^^^^^^^^^^^^^^^^
  File "C:\Users\vishal.ns\PyProjects\travel_project\travel\Lib\site-packages\django\template\loader.py", line 19, in get_template
    raise TemplateDoesNotExist(template_name, chain=chain)
django.template.exceptions.TemplateDoesNotExist: rest_framework/api.html
User accessed list
Internal Server Error: /manager/list
Traceback (most recent call last):
  File "C:\Users\vishal.ns\PyProjects\travel_project\travel\Lib\site-packages\django\core\handlers\exception.py", line 55, in inner
    response = get_response(request)
               ^^^^^^^^^^^^^^^^^^^^^
  File "C:\Users\vishal.ns\PyProjects\travel_project\travel\Lib\site-packages\django\core\handlers\base.py", line 220, in _get_response
    response = response.render()
               ^^^^^^^^^^^^^^^^^
  File "C:\Users\vishal.ns\PyProjects\travel_project\travel\Lib\site-packages\django\template\response.py", line 114, in render
    self.content = self.rendered_content
                   ^^^^^^^^^^^^^^^^^^^^^
  File "C:\Users\vishal.ns\PyProjects\travel_project\travel\Lib\site-packages\rest_framework\response.py", line 70, in rendered_content
    ret = renderer.render(self.data, accepted_media_type, context)
          ^^^^^^^^^^^^^^^^^^^^^^^^^^^^^^^^^^^^^^^^^^^^^^^^^^^^^^^^
  File "C:\Users\vishal.ns\PyProjects\travel_project\travel\Lib\site-packages\rest_framework\renderers.py", line 722, in render
    template = loader.get_template(self.template)
               ^^^^^^^^^^^^^^^^^^^^^^^^^^^^^^^^^^
  File "C:\Users\vishal.ns\PyProjects\travel_project\travel\Lib\site-packages\django\template\loader.py", line 19, in get_template
    raise TemplateDoesNotExist(template_name, chain=chain)
django.template.exceptions.TemplateDoesNotExist: rest_framework/api.html
User accessed list
Internal Server Error: /manager/list
Traceback (most recent call last):
  File "C:\Users\vishal.ns\PyProjects\travel_project\travel\Lib\site-packages\django\core\handlers\exception.py", line 55, in inner
    response = get_response(request)
               ^^^^^^^^^^^^^^^^^^^^^
  File "C:\Users\vishal.ns\PyProjects\travel_project\travel\Lib\site-packages\django\core\handlers\base.py", line 220, in _get_response
    response = response.render()
               ^^^^^^^^^^^^^^^^^
  File "C:\Users\vishal.ns\PyProjects\travel_project\travel\Lib\site-packages\django\template\response.py", line 114, in render
    self.content = self.rendered_content
                   ^^^^^^^^^^^^^^^^^^^^^
  File "C:\Users\vishal.ns\PyProjects\travel_project\travel\Lib\site-packages\rest_framework\response.py", line 70, in rendered_content
    ret = renderer.render(self.data, accepted_media_type, context)
          ^^^^^^^^^^^^^^^^^^^^^^^^^^^^^^^^^^^^^^^^^^^^^^^^^^^^^^^^
  File "C:\Users\vishal.ns\PyProjects\travel_project\travel\Lib\site-packages\rest_framework\renderers.py", line 722, in render
    template = loader.get_template(self.template)
               ^^^^^^^^^^^^^^^^^^^^^^^^^^^^^^^^^^
  File "C:\Users\vishal.ns\PyProjects\travel_project\travel\Lib\site-packages\django\template\loader.py", line 19, in get_template
    raise TemplateDoesNotExist(template_name, chain=chain)
django.template.exceptions.TemplateDoesNotExist: rest_framework/api.html
User accessed list
User accessed list
User accessed list
User accessed list
User accessed list
Forbidden: /employee/request/6
Forbidden: /employee/request/6
Forbidden: /employee/request/6
User accessed list
User accessed list
User accessed list
User accessed list
User accessed list
User accessed list
User accessed list
User accessed list
User accessed list
User accessed list
User accessed list
Forbidden: /employee/request/2
User accessed list
Forbidden: /employee/request/3
User accessed list
Forbidden: /employee/request/4
User accessed list
Forbidden: /employee/request/3
User accessed list
User accessed list
Forbidden: /employee/request/3
Forbidden: /employee/request/3
Forbidden: /employee/request/3
Forbidden: /employee/request/3
User accessed list
Forbidden: /employee/request/2
Forbidden: /employee/request/3
User accessed list
User accessed list
User accessed list
Forbidden: /employee/request/2
Forbidden: /employee/request/2
User accessed list
Forbidden: /employee/request/2
Forbidden: /employee/request/3
Forbidden: /employee/request/2
User accessed list
User accessed list
Forbidden: /employee/request/2
User accessed list
Forbidden: /employee/request/2
Forbidden: /employee/request/2
Forbidden: /employee/request/2
User accessed list
User accessed list
Not Found: /manager/request/3/update-note
Not Found: /manager/request/3/update-note
Method Not Allowed: /manager/request/3/addnote
Method Not Allowed: /manager/request/3/addnote
Method Not Allowed: /manager/request/3/addnote
C:\Users\vishal.ns\PyProjects\travel_project\travel_req_system\manager\views.py changed, reloading.
Watching for file changes with StatReloader
Bad Request: /manager/request/3/addnote
Bad Request: /manager/request/3/addnote
C:\Users\vishal.ns\PyProjects\travel_project\travel_req_system\manager\views.py changed, reloading.
Watching for file changes with StatReloader
User accessed list
User accessed list
User accessed list
User accessed list
User accessed list
User accessed list
User accessed list
User accessed list
User accessed list
User accessed list
User accessed list
User accessed list
User accessed list
User accessed list
User accessed list
User accessed list
User accessed list
User accessed list
User accessed list
User accessed list
User accessed list
C:\Users\vishal.ns\PyProjects\travel_project\travel_req_system\manager\views.py changed, reloading.
Watching for file changes with StatReloader
C:\Users\vishal.ns\PyProjects\travel_project\travel_req_system\manager\views.py changed, reloading.
Watching for file changes with StatReloader
C:\Users\vishal.ns\PyProjects\travel_project\travel_req_system\manager\views.py changed, reloading.
Watching for file changes with StatReloader
C:\Users\vishal.ns\PyProjects\travel_project\travel_req_system\manager\views.py changed, reloading.
Watching for file changes with StatReloader
C:\Users\vishal.ns\PyProjects\travel_project\travel_req_system\manager\views.py changed, reloading.
Watching for file changes with StatReloader
C:\Users\vishal.ns\PyProjects\travel_project\travel_req_system\manager\views.py changed, reloading.
Watching for file changes with StatReloader
Bad Request: /manager/request/4/addnote
Bad Request: /manager/request/4/addnote
Bad Request: /manager/request/4/addnote
Bad Request: /manager/request/4/addnote
C:\Users\vishal.ns\PyProjects\travel_project\travel_req_system\manager\views.py changed, reloading.
Watching for file changes with StatReloader
Bad Request: /manager/request/4/addnote
Bad Request: /manager/request/4/addnote
Bad Request: /manager/request/4/addnote
Bad Request: /manager/request/4/addnote
Bad Request: /manager/request/4/addnote
Bad Request: /manager/request/4/addnote
Bad Request: /manager/request/4/addnote
Bad Request: /manager/request/4/addnote
Bad Request: /manager/request/4/addnote
Bad Request: /manager/request/4/addnote
Bad Request: /manager/request/4/addnote
User accessed list
User accessed list
Watching for file changes with StatReloader
Watching for file changes with StatReloader
User accessed list
User accessed list
User accessed list
User accessed list
User accessed list
User accessed list
User accessed list
User accessed list
User accessed list
User accessed list
User accessed list
User accessed list
User accessed list
User accessed list
User accessed list
User accessed list
User accessed list
User accessed list
User accessed list
User accessed list
User accessed list
User accessed list
User accessed list
User accessed list
User accessed list
User accessed list
User accessed list
User accessed list
User accessed list
C:\Users\vishal.ns\PyProjects\travel_project\travel_req_system\manager\views.py changed, reloading.
Watching for file changes with StatReloader
C:\Users\vishal.ns\PyProjects\travel_project\travel_req_system\manager\views.py changed, reloading.
Watching for file changes with StatReloader
C:\Users\vishal.ns\PyProjects\travel_project\travel_req_system\manager\views.py changed, reloading.
Watching for file changes with StatReloader
C:\Users\vishal.ns\PyProjects\travel_project\travel_req_system\manager\views.py changed, reloading.
Watching for file changes with StatReloader
C:\Users\vishal.ns\PyProjects\travel_project\travel_req_system\manager\views.py changed, reloading.
Watching for file changes with StatReloader
C:\Users\vishal.ns\PyProjects\travel_project\travel_req_system\manager\views.py changed, reloading.
Watching for file changes with StatReloader
User accessed list
User accessed list
User accessed list
User accessed list
User accessed list
User accessed list
User accessed list
User accessed list
User accessed list
User accessed list
User accessed list
User accessed list
User accessed list
User accessed list
User accessed list
User accessed list
User accessed list
User accessed list
User accessed list
User accessed list
User accessed list
User accessed list
User accessed list
User accessed list
User accessed list
User accessed list
User accessed list
User accessed list
User accessed list
User accessed list
User accessed list
User accessed list
User accessed list
User accessed list
User accessed list
User accessed list
User accessed list
User accessed list
User accessed list
User accessed list
User accessed list
User accessed list
User accessed list
User accessed list
User accessed list
User accessed list
User accessed list
User accessed list
User accessed list
Forbidden: /employee/request/2
Forbidden: /employee/request/2
Forbidden: /employee/request/3
Forbidden: /employee/request/2
Forbidden: /employee/request/2
Forbidden: /employee/request/2
User accessed list
User accessed list
User accessed list
Unauthorized: /admin/login
Unauthorized: /admin/login
Manager not found for this user
Bad Request: /manager/list
Manager not found for this user
Bad Request: /manager/list
Manager not found for this user
Bad Request: /manager/list
An error occurred: Cannot resolve keyword 'event_date' into field. Choices are: accomodation, accomodation_id, additional_note, admin_note, approval_date, closure_date, date_submitted, departure_date, emp_update_note, employee, employee_id, from_location, id, manager, manager_id, manager_note, purpose, reject_date, resubmission_bool, return_date, status, to_location, travel_mode
Internal Server Error: /admin/list
Manager not found for this user
Bad Request: /manager/list
Bad Request: /manager/request/1/addnote
Bad Request: /manager/request/1/addnote
Bad Request: /manager/request/1/addnote
Forbidden: /employee/list
User accessed list
Unauthorized: /employee/login
Unauthorized: /employee/login
Unauthorized: /employee/login
User accessed list
User accessed list
Unauthorized: /admin/login
Unauthorized: /admin/login
Bad Request: /manager/request/1/addnote
Bad Request: /manager/request/1/addnote
Bad Request: /manager/request/1/addnote
Bad Request: /manager/request/1/addnote
Method Not Allowed: /admin/request/1/addnote
C:\Users\vishal.ns\PyProjects\travel_project\travel_req_system\admin\views.py changed, reloading.
Watching for file changes with StatReloader
Unauthorized: /admin/login
Unauthorized: /admin/login
Bad Request: /admin/request/2/addnote
C:\Users\vishal.ns\PyProjects\travel_project\travel_req_system\admin\views.py changed, reloading.
Watching for file changes with StatReloader
C:\Users\vishal.ns\PyProjects\travel_project\travel_req_system\admin\views.py changed, reloading.
Watching for file changes with StatReloader
Bad Request: /admin/request/2/addnote
Bad Request: /admin/request/2/addnote
C:\Users\vishal.ns\PyProjects\travel_project\travel_req_system\admin\views.py changed, reloading.
Watching for file changes with StatReloader
C:\Users\vishal.ns\PyProjects\travel_project\travel_req_system\admin\views.py changed, reloading.
Watching for file changes with StatReloader
User accessed list
Forbidden: /admin/request/2
User accessed list
Forbidden: /admin/request/3
User accessed list
Unauthorized: /manager/login
User accessed list
Forbidden: /admin/request/3
Forbidden: /admin/request/3
Watching for file changes with StatReloader
Watching for file changes with StatReloader
User accessed list
Forbidden: /admin/request/3
Forbidden: /admin/request/3
Forbidden: /admin/request/3
Forbidden: /admin/request/3
Forbidden: /admin/request/3
Forbidden: /admin/request/3
Forbidden: /admin/request/3
Forbidden: /admin/request/3
User accessed list
Forbidden: /admin/request/2
Forbidden: /employee/request/2
User accessed list
User accessed list
User accessed list
C:\Users\vishal.ns\PyProjects\travel_project\travel_req_system\admin\views.py changed, reloading.
Watching for file changes with StatReloader
C:\Users\vishal.ns\PyProjects\travel_project\travel_req_system\admin\views.py changed, reloading.
Watching for file changes with StatReloader
C:\Users\vishal.ns\PyProjects\travel_project\travel_req_system\admin\views.py changed, reloading.
Watching for file changes with StatReloader
C:\Users\vishal.ns\PyProjects\travel_project\travel_req_system\admin\views.py changed, reloading.
Watching for file changes with StatReloader
C:\Users\vishal.ns\PyProjects\travel_project\travel_req_system\admin\views.py changed, reloading.
Watching for file changes with StatReloader
User accessed list
Bad Request: /manager/request/3/addnote
User accessed list
User accessed list
Bad Request: /admin/request/3/addnote
C:\Users\vishal.ns\PyProjects\travel_project\travel_req_system\admin\views.py changed, reloading.
Watching for file changes with StatReloader
Bad Request: /employee/login
Bad Request: /employee/login
User accessed list
User accessed list
User accessed list
User accessed list
User accessed list
User accessed list
User accessed list
Not Found: /manager/request/4/edit
C:\Users\vishal.ns\PyProjects\travel_project\travel_req_system\admin\views.py changed, reloading.
Watching for file changes with StatReloader
User accessed list
Not Found: /employee/request/3/update-note
User accessed list
Not Found: /employee/request/3/update-note
User accessed list
User accessed list
Method Not Allowed: /employee/request/3/updatenote
C:\Users\vishal.ns\PyProjects\travel_project\travel_req_system\employee\views.py changed, reloading.
Watching for file changes with StatReloader
Bad Request: /employee/request/3/updatenote
Bad Request: /employee/request/3/updatenote
Bad Request: /employee/request/3/updatenote
Bad Request: /employee/request/3/updatenote
C:\Users\vishal.ns\PyProjects\travel_project\travel_req_system\employee\views.py changed, reloading.
Watching for file changes with StatReloader
Unauthorized: /employee/login
Unauthorized: /employee/login
User accessed list
C:\Users\vishal.ns\PyProjects\travel_project\travel_req_system\employee\views.py changed, reloading.
Watching for file changes with StatReloader
C:\Users\vishal.ns\PyProjects\travel_project\travel_req_system\employee\views.py changed, reloading.
Watching for file changes with StatReloader
C:\Users\vishal.ns\PyProjects\travel_project\travel_req_system\employee\views.py changed, reloading.
Watching for file changes with StatReloader
Method Not Allowed: /employee/request/4/updatenote
C:\Users\vishal.ns\PyProjects\travel_project\travel_req_system\employee\views.py changed, reloading.
Watching for file changes with StatReloader
User accessed list
Bad Request: /employee/request/5/updatenote
Bad Request: /employee/request/5/updatenote
C:\Users\vishal.ns\PyProjects\travel_project\travel_req_system\admin\views.py changed, reloading.
Watching for file changes with StatReloader
C:\Users\vishal.ns\PyProjects\travel_project\travel_req_system\requests\serializer.py changed, reloading.
Watching for file changes with StatReloader
C:\Users\vishal.ns\PyProjects\travel_project\travel_req_system\requests\serializer.py changed, reloading.
Watching for file changes with StatReloader
Watching for file changes with StatReloader
C:\Users\vishal.ns\PyProjects\travel_project\travel_req_system\admin\views.py changed, reloading.
Watching for file changes with StatReloader
An error occurred: "Got KeyError when attempting to get a value for field `employee` on serializer `TravelSerializer`.\nThe serializer field might be named incorrectly and not match any attribute or key on the `dict` instance.\nOriginal exception text was: 'employee'."
Internal Server Error: /admin/manage_employees
C:\Users\vishal.ns\PyProjects\travel_project\travel_req_system\admin\views.py changed, reloading.
Watching for file changes with StatReloader
An error occurred: "Got KeyError when attempting to get a value for field `manager` on serializer `EmployeeSerializer`.\nThe serializer field might be named incorrectly and not match any attribute or key on the `dict` instance.\nOriginal exception text was: 'manager'."
Internal Server Error: /admin/manage_employees
C:\Users\vishal.ns\PyProjects\travel_project\travel_req_system\requests\serializer.py changed, reloading.
Watching for file changes with StatReloader
An error occurred: "Got KeyError when attempting to get a value for field `manager` on serializer `EmployeeSerializer`.\nThe serializer field might be named incorrectly and not match any attribute or key on the `dict` instance.\nOriginal exception text was: 'manager'."
Internal Server Error: /admin/manage_employees
Watching for file changes with StatReloader
An error occurred: "Got KeyError when attempting to get a value for field `manager` on serializer `EmployeeSerializer`.\nThe serializer field might be named incorrectly and not match any attribute or key on the `dict` instance.\nOriginal exception text was: 'manager'."
Internal Server Error: /admin/manage_employees
C:\Users\vishal.ns\PyProjects\travel_project\travel_req_system\admin\views.py changed, reloading.
Watching for file changes with StatReloader
Unauthorized: /admin/login
Unauthorized: /admin/login
C:\Users\vishal.ns\PyProjects\travel_project\travel_req_system\admin\views.py changed, reloading.
Watching for file changes with StatReloader
Not Found: /admin/manage_employee
Not Found: /admin/manage_employee
Bad Request: /admin/manage_employees
Bad Request: /admin/manage_employees
Bad Request: /admin/manage_employees
Bad Request: /admin/manage_employees
Bad Request: /admin/manage_employees
Bad Request: /admin/manage_employees
C:\Users\vishal.ns\PyProjects\travel_project\travel_req_system\requests\serializer.py changed, reloading.
Watching for file changes with StatReloader
C:\Users\vishal.ns\PyProjects\travel_project\travel_req_system\requests\serializer.py changed, reloading.
Watching for file changes with StatReloader
C:\Users\vishal.ns\PyProjects\travel_project\travel_req_system\requests\serializer.py changed, reloading.
Watching for file changes with StatReloader
C:\Users\vishal.ns\PyProjects\travel_project\travel_req_system\admin\views.py changed, reloading.
Watching for file changes with StatReloader
Bad Request: /admin/manage_employees
Bad Request: /admin/manage_employees
Unauthorized: /admin/login
Unauthorized: /admin/login
Unauthorized: /admin/login
Unauthorized: /admin/login
Unauthorized: /admin/login
Unauthorized: /admin/login
Unauthorized: /admin/login
Bad Request: /admin/manage_managers
Bad Request: /admin/manage_managers
Bad Request: /admin/manage_managers
Bad Request: /admin/manage_managers
An error occurred: Cannot resolve keyword 'event_date' into field. Choices are: accomodation, accomodation_id, additional_note, admin_note, approval_date, closure_date, date_submitted, departure_date, emp_update_note, employee, employee_id, from_location, id, manager, manager_id, manager_note, purpose, reject_date, resubmission_bool, return_date, status, to_location, travel_mode
Internal Server Error: /admin/list
An error occurred: Cannot resolve keyword 'event_date' into field. Choices are: accomodation, accomodation_id, additional_note, admin_note, approval_date, closure_date, date_submitted, departure_date, emp_update_note, employee, employee_id, from_location, id, manager, manager_id, manager_note, purpose, reject_date, resubmission_bool, return_date, status, to_location, travel_mode
Internal Server Error: /admin/list
An error occurred: Cannot resolve keyword 'event_date' into field. Choices are: accomodation, accomodation_id, additional_note, admin_note, approval_date, closure_date, date_submitted, departure_date, emp_update_note, employee, employee_id, from_location, id, manager, manager_id, manager_note, purpose, reject_date, resubmission_bool, return_date, status, to_location, travel_mode
Internal Server Error: /admin/list
An error occurred: Cannot resolve keyword 'event_date' into field. Choices are: accomodation, accomodation_id, additional_note, admin_note, approval_date, closure_date, date_submitted, departure_date, emp_update_note, employee, employee_id, from_location, id, manager, manager_id, manager_note, purpose, reject_date, resubmission_bool, return_date, status, to_location, travel_mode
Internal Server Error: /admin/list
C:\Users\vishal.ns\PyProjects\travel_project\travel_req_system\admin\views.py changed, reloading.
Watching for file changes with StatReloader
User accessed list
Bad Request: /employee/login
Watching for file changes with StatReloader
Bad Request: /employee/login
Bad Request: /employee/login
Bad Request: /employee/login
Bad Request: /employee/login
User accessed list
User accessed list
Unauthorized: /employee/login
Unauthorized: /employee/login
Unauthorized: /employee/login
Unauthorized: /employee/login
User accessed list
User accessed list
User accessed list
User accessed list
User accessed list
User accessed list
User accessed list
User accessed list
User accessed list
User accessed list
User accessed list
User accessed list
User accessed list
User accessed list
User accessed list
User accessed list
User accessed list
User accessed list
User accessed list
User accessed list
User accessed list
User accessed list
User accessed list
User accessed list
User accessed list
Watching for file changes with StatReloader
Watching for file changes with StatReloader
